{"/Users/C294031/Desktop/ReactApp/ReactFrontendExpressBackendWithDB/server/app.js": {"path":"/Users/C294031/Desktop/ReactApp/ReactFrontendExpressBackendWithDB/server/app.js","statementMap":{"0":{"start":{"line":2,"column":0},"end":{"line":2,"column":27}},"1":{"start":{"line":3,"column":16},"end":{"line":3,"column":34}},"2":{"start":{"line":4,"column":19},"end":{"line":4,"column":44}},"3":{"start":{"line":5,"column":26},"end":{"line":5,"column":57}},"4":{"start":{"line":6,"column":22},"end":{"line":6,"column":54}},"5":{"start":{"line":7,"column":26},"end":{"line":7,"column":61}},"6":{"start":{"line":8,"column":33},"end":{"line":8,"column":71}},"7":{"start":{"line":9,"column":21},"end":{"line":9,"column":57}},"8":{"start":{"line":10,"column":13},"end":{"line":10,"column":28}},"9":{"start":{"line":11,"column":15},"end":{"line":11,"column":32}},"10":{"start":{"line":13,"column":12},"end":{"line":13,"column":21}},"11":{"start":{"line":15,"column":0},"end":{"line":15,"column":24}},"12":{"start":{"line":16,"column":0},"end":{"line":22,"column":2}},"13":{"start":{"line":23,"column":0},"end":{"line":23,"column":48}},"14":{"start":{"line":24,"column":0},"end":{"line":29,"column":2}},"15":{"start":{"line":31,"column":0},"end":{"line":31,"column":34}},"16":{"start":{"line":32,"column":0},"end":{"line":32,"column":44}},"17":{"start":{"line":33,"column":0},"end":{"line":33,"column":39}},"18":{"start":{"line":34,"column":0},"end":{"line":34,"column":51}},"19":{"start":{"line":35,"column":0},"end":{"line":35,"column":54}},"20":{"start":{"line":36,"column":0},"end":{"line":36,"column":22}},"21":{"start":{"line":38,"column":0},"end":{"line":38,"column":21}}},"fnMap":{},"branchMap":{},"s":{"0":1,"1":1,"2":1,"3":1,"4":1,"5":1,"6":1,"7":1,"8":1,"9":1,"10":1,"11":1,"12":1,"13":1,"14":1,"15":1,"16":1,"17":1,"18":1,"19":1,"20":1,"21":1},"f":{},"b":{},"_coverageSchema":"1a1c01bbd47fc00a2c39e90264f33305004495a9","hash":"3daf70318032407752a0ff3833306fcfacb9dfdd"}
,"/Users/C294031/Desktop/ReactApp/ReactFrontendExpressBackendWithDB/server/controllers/appointmentDataController.js": {"path":"/Users/C294031/Desktop/ReactApp/ReactFrontendExpressBackendWithDB/server/controllers/appointmentDataController.js","statementMap":{"0":{"start":{"line":1,"column":11},"end":{"line":1,"column":34}},"1":{"start":{"line":3,"column":0},"end":{"line":51,"column":2}},"2":{"start":{"line":10,"column":6},"end":{"line":10,"column":14}},"3":{"start":{"line":12,"column":2},"end":{"line":12,"column":52}},"4":{"start":{"line":13,"column":2},"end":{"line":13,"column":40}},"5":{"start":{"line":14,"column":2},"end":{"line":14,"column":43}},"6":{"start":{"line":15,"column":2},"end":{"line":15,"column":41}},"7":{"start":{"line":16,"column":2},"end":{"line":16,"column":41}},"8":{"start":{"line":17,"column":2},"end":{"line":17,"column":37}},"9":{"start":{"line":19,"column":2},"end":{"line":27,"column":3}},"10":{"start":{"line":26,"column":4},"end":{"line":26,"column":71}},"11":{"start":{"line":29,"column":14},"end":{"line":32,"column":3}},"12":{"start":{"line":34,"column":2},"end":{"line":50,"column":4}},"13":{"start":{"line":44,"column":6},"end":{"line":47,"column":7}},"14":{"start":{"line":45,"column":8},"end":{"line":45,"column":56}},"15":{"start":{"line":46,"column":8},"end":{"line":46,"column":66}},"16":{"start":{"line":48,"column":6},"end":{"line":48,"column":79}}},"fnMap":{"0":{"name":"(anonymous_0)","decl":{"start":{"line":3,"column":26},"end":{"line":3,"column":27}},"loc":{"start":{"line":3,"column":40},"end":{"line":51,"column":1}},"line":3},"1":{"name":"(anonymous_1)","decl":{"start":{"line":43,"column":4},"end":{"line":43,"column":5}},"loc":{"start":{"line":43,"column":21},"end":{"line":49,"column":5}},"line":43}},"branchMap":{"0":{"loc":{"start":{"line":19,"column":2},"end":{"line":27,"column":3}},"type":"if","locations":[{"start":{"line":19,"column":2},"end":{"line":27,"column":3}},{"start":{},"end":{}}],"line":19},"1":{"loc":{"start":{"line":20,"column":4},"end":{"line":24,"column":13}},"type":"binary-expr","locations":[{"start":{"line":20,"column":4},"end":{"line":20,"column":17}},{"start":{"line":21,"column":4},"end":{"line":21,"column":21}},{"start":{"line":22,"column":4},"end":{"line":22,"column":21}},{"start":{"line":23,"column":4},"end":{"line":23,"column":21}},{"start":{"line":24,"column":4},"end":{"line":24,"column":13}}],"line":20},"2":{"loc":{"start":{"line":44,"column":6},"end":{"line":47,"column":7}},"type":"if","locations":[{"start":{"line":44,"column":6},"end":{"line":47,"column":7}},{"start":{},"end":{}}],"line":44}},"s":{"0":1,"1":1,"2":0,"3":0,"4":0,"5":0,"6":0,"7":0,"8":0,"9":0,"10":0,"11":0,"12":0,"13":0,"14":0,"15":0,"16":0},"f":{"0":0,"1":0},"b":{"0":[0,0],"1":[0,0,0,0,0],"2":[0,0]},"_coverageSchema":"1a1c01bbd47fc00a2c39e90264f33305004495a9","hash":"48aff4a07d951d220307be4b3a06bc175ef79a3b"}
,"/Users/C294031/Desktop/ReactApp/ReactFrontendExpressBackendWithDB/server/controllers/appointmentDetailsController.js": {"path":"/Users/C294031/Desktop/ReactApp/ReactFrontendExpressBackendWithDB/server/controllers/appointmentDetailsController.js","statementMap":{"0":{"start":{"line":1,"column":11},"end":{"line":1,"column":34}},"1":{"start":{"line":3,"column":0},"end":{"line":14,"column":2}},"2":{"start":{"line":5,"column":4},"end":{"line":5,"column":83}},"3":{"start":{"line":6,"column":2},"end":{"line":13,"column":5}},"4":{"start":{"line":7,"column":4},"end":{"line":7,"column":25}},"5":{"start":{"line":8,"column":4},"end":{"line":11,"column":5}},"6":{"start":{"line":9,"column":6},"end":{"line":9,"column":38}},"7":{"start":{"line":10,"column":6},"end":{"line":10,"column":63}},"8":{"start":{"line":12,"column":4},"end":{"line":12,"column":22}}},"fnMap":{"0":{"name":"(anonymous_0)","decl":{"start":{"line":3,"column":32},"end":{"line":3,"column":33}},"loc":{"start":{"line":3,"column":46},"end":{"line":14,"column":1}},"line":3},"1":{"name":"(anonymous_1)","decl":{"start":{"line":6,"column":50},"end":{"line":6,"column":51}},"loc":{"start":{"line":6,"column":68},"end":{"line":13,"column":3}},"line":6}},"branchMap":{"0":{"loc":{"start":{"line":8,"column":4},"end":{"line":11,"column":5}},"type":"if","locations":[{"start":{"line":8,"column":4},"end":{"line":11,"column":5}},{"start":{},"end":{}}],"line":8}},"s":{"0":1,"1":1,"2":0,"3":0,"4":0,"5":0,"6":0,"7":0,"8":0},"f":{"0":0,"1":0},"b":{"0":[0,0]},"_coverageSchema":"1a1c01bbd47fc00a2c39e90264f33305004495a9","hash":"a90a10c28603cce7fed5e4fff8d4da2c84573c28"}
,"/Users/C294031/Desktop/ReactApp/ReactFrontendExpressBackendWithDB/server/controllers/contactQueryController.js": {"path":"/Users/C294031/Desktop/ReactApp/ReactFrontendExpressBackendWithDB/server/controllers/contactQueryController.js","statementMap":{"0":{"start":{"line":1,"column":11},"end":{"line":1,"column":34}},"1":{"start":{"line":3,"column":0},"end":{"line":20,"column":2}},"2":{"start":{"line":4,"column":51},"end":{"line":4,"column":59}},"3":{"start":{"line":5,"column":2},"end":{"line":9,"column":3}},"4":{"start":{"line":6,"column":4},"end":{"line":8,"column":61}},"5":{"start":{"line":12,"column":2},"end":{"line":19,"column":4}},"6":{"start":{"line":16,"column":6},"end":{"line":16,"column":72}},"7":{"start":{"line":16,"column":15},"end":{"line":16,"column":72}},"8":{"start":{"line":17,"column":6},"end":{"line":17,"column":75}}},"fnMap":{"0":{"name":"(anonymous_0)","decl":{"start":{"line":3,"column":22},"end":{"line":3,"column":23}},"loc":{"start":{"line":3,"column":36},"end":{"line":20,"column":1}},"line":3},"1":{"name":"(anonymous_1)","decl":{"start":{"line":15,"column":4},"end":{"line":15,"column":5}},"loc":{"start":{"line":15,"column":13},"end":{"line":18,"column":5}},"line":15}},"branchMap":{"0":{"loc":{"start":{"line":5,"column":2},"end":{"line":9,"column":3}},"type":"if","locations":[{"start":{"line":5,"column":2},"end":{"line":9,"column":3}},{"start":{},"end":{}}],"line":5},"1":{"loc":{"start":{"line":5,"column":6},"end":{"line":5,"column":45}},"type":"binary-expr","locations":[{"start":{"line":5,"column":6},"end":{"line":5,"column":11}},{"start":{"line":5,"column":15},"end":{"line":5,"column":21}},{"start":{"line":5,"column":25},"end":{"line":5,"column":33}},{"start":{"line":5,"column":37},"end":{"line":5,"column":45}}],"line":5},"2":{"loc":{"start":{"line":16,"column":6},"end":{"line":16,"column":72}},"type":"if","locations":[{"start":{"line":16,"column":6},"end":{"line":16,"column":72}},{"start":{},"end":{}}],"line":16}},"s":{"0":1,"1":1,"2":0,"3":0,"4":0,"5":0,"6":0,"7":0,"8":0},"f":{"0":0,"1":0},"b":{"0":[0,0],"1":[0,0,0,0],"2":[0,0]},"_coverageSchema":"1a1c01bbd47fc00a2c39e90264f33305004495a9","hash":"35eed44d5d9b34659dfd25982d5ed5f7fa027cde"}
,"/Users/C294031/Desktop/ReactApp/ReactFrontendExpressBackendWithDB/server/controllers/serviceDataController.js": {"path":"/Users/C294031/Desktop/ReactApp/ReactFrontendExpressBackendWithDB/server/controllers/serviceDataController.js","statementMap":{"0":{"start":{"line":1,"column":20},"end":{"line":1,"column":50}},"1":{"start":{"line":3,"column":0},"end":{"line":5,"column":2}},"2":{"start":{"line":4,"column":2},"end":{"line":4,"column":24}}},"fnMap":{"0":{"name":"(anonymous_0)","decl":{"start":{"line":3,"column":22},"end":{"line":3,"column":23}},"loc":{"start":{"line":3,"column":36},"end":{"line":5,"column":1}},"line":3}},"branchMap":{},"s":{"0":1,"1":1,"2":0},"f":{"0":0},"b":{},"_coverageSchema":"1a1c01bbd47fc00a2c39e90264f33305004495a9","hash":"6640c6a017ee58ad5dc13de802e6e31752e71e4d"}
,"/Users/C294031/Desktop/ReactApp/ReactFrontendExpressBackendWithDB/server/controllers/userController.js": {"path":"/Users/C294031/Desktop/ReactApp/ReactFrontendExpressBackendWithDB/server/controllers/userController.js","statementMap":{"0":{"start":{"line":1,"column":11},"end":{"line":1,"column":34}},"1":{"start":{"line":2,"column":15},"end":{"line":2,"column":32}},"2":{"start":{"line":3,"column":12},"end":{"line":3,"column":35}},"3":{"start":{"line":4,"column":15},"end":{"line":4,"column":32}},"4":{"start":{"line":5,"column":15},"end":{"line":5,"column":32}},"5":{"start":{"line":6,"column":19},"end":{"line":6,"column":36}},"6":{"start":{"line":7,"column":25},"end":{"line":7,"column":55}},"7":{"start":{"line":9,"column":19},"end":{"line":9,"column":41}},"8":{"start":{"line":12,"column":0},"end":{"line":17,"column":2}},"9":{"start":{"line":13,"column":2},"end":{"line":16,"column":5}},"10":{"start":{"line":14,"column":4},"end":{"line":14,"column":30}},"11":{"start":{"line":14,"column":13},"end":{"line":14,"column":30}},"12":{"start":{"line":15,"column":4},"end":{"line":15,"column":22}},"13":{"start":{"line":20,"column":0},"end":{"line":56,"column":2}},"14":{"start":{"line":21,"column":36},"end":{"line":21,"column":44}},"15":{"start":{"line":22,"column":2},"end":{"line":25,"column":65}},"16":{"start":{"line":23,"column":4},"end":{"line":25,"column":65}},"17":{"start":{"line":27,"column":2},"end":{"line":28,"column":67}},"18":{"start":{"line":28,"column":4},"end":{"line":28,"column":67}},"19":{"start":{"line":30,"column":2},"end":{"line":55,"column":4}},"20":{"start":{"line":34,"column":6},"end":{"line":34,"column":32}},"21":{"start":{"line":34,"column":15},"end":{"line":34,"column":32}},"22":{"start":{"line":35,"column":6},"end":{"line":36,"column":71}},"23":{"start":{"line":36,"column":8},"end":{"line":36,"column":71}},"24":{"start":{"line":38,"column":29},"end":{"line":38,"column":60}},"25":{"start":{"line":39,"column":22},"end":{"line":39,"column":31}},"26":{"start":{"line":41,"column":6},"end":{"line":53,"column":9}},"27":{"start":{"line":42,"column":8},"end":{"line":42,"column":34}},"28":{"start":{"line":42,"column":17},"end":{"line":42,"column":34}},"29":{"start":{"line":43,"column":22},"end":{"line":43,"column":65}},"30":{"start":{"line":45,"column":8},"end":{"line":52,"column":10}},"31":{"start":{"line":49,"column":12},"end":{"line":49,"column":38}},"32":{"start":{"line":49,"column":21},"end":{"line":49,"column":38}},"33":{"start":{"line":50,"column":12},"end":{"line":50,"column":80}},"34":{"start":{"line":59,"column":0},"end":{"line":92,"column":2}},"35":{"start":{"line":60,"column":30},"end":{"line":60,"column":38}},"36":{"start":{"line":61,"column":2},"end":{"line":62,"column":78}},"37":{"start":{"line":62,"column":4},"end":{"line":62,"column":78}},"38":{"start":{"line":64,"column":2},"end":{"line":91,"column":4}},"39":{"start":{"line":68,"column":6},"end":{"line":68,"column":32}},"40":{"start":{"line":68,"column":15},"end":{"line":68,"column":32}},"41":{"start":{"line":69,"column":6},"end":{"line":70,"column":70}},"42":{"start":{"line":70,"column":8},"end":{"line":70,"column":70}},"43":{"start":{"line":72,"column":19},"end":{"line":72,"column":29}},"44":{"start":{"line":73,"column":20},"end":{"line":73,"column":65}},"45":{"start":{"line":74,"column":6},"end":{"line":74,"column":80}},"46":{"start":{"line":74,"column":18},"end":{"line":74,"column":80}},"47":{"start":{"line":76,"column":20},"end":{"line":82,"column":7}},"48":{"start":{"line":84,"column":6},"end":{"line":89,"column":9}},"49":{"start":{"line":95,"column":0},"end":{"line":116,"column":2}},"50":{"start":{"line":96,"column":20},"end":{"line":96,"column":28}},"51":{"start":{"line":97,"column":2},"end":{"line":97,"column":74}},"52":{"start":{"line":97,"column":14},"end":{"line":97,"column":74}},"53":{"start":{"line":99,"column":2},"end":{"line":115,"column":5}},"54":{"start":{"line":100,"column":4},"end":{"line":100,"column":30}},"55":{"start":{"line":100,"column":13},"end":{"line":100,"column":30}},"56":{"start":{"line":101,"column":4},"end":{"line":102,"column":63}},"57":{"start":{"line":102,"column":6},"end":{"line":102,"column":63}},"58":{"start":{"line":104,"column":18},"end":{"line":104,"column":56}},"59":{"start":{"line":105,"column":20},"end":{"line":105,"column":73}},"60":{"start":{"line":107,"column":4},"end":{"line":114,"column":6}},"61":{"start":{"line":111,"column":8},"end":{"line":111,"column":34}},"62":{"start":{"line":111,"column":17},"end":{"line":111,"column":34}},"63":{"start":{"line":112,"column":8},"end":{"line":112,"column":74}},"64":{"start":{"line":119,"column":0},"end":{"line":145,"column":2}},"65":{"start":{"line":120,"column":33},"end":{"line":120,"column":41}},"66":{"start":{"line":121,"column":2},"end":{"line":124,"column":62}},"67":{"start":{"line":122,"column":4},"end":{"line":124,"column":62}},"68":{"start":{"line":126,"column":2},"end":{"line":144,"column":4}},"69":{"start":{"line":130,"column":6},"end":{"line":130,"column":32}},"70":{"start":{"line":130,"column":15},"end":{"line":130,"column":32}},"71":{"start":{"line":131,"column":6},"end":{"line":132,"column":75}},"72":{"start":{"line":132,"column":8},"end":{"line":132,"column":75}},"73":{"start":{"line":134,"column":29},"end":{"line":134,"column":63}},"74":{"start":{"line":135,"column":6},"end":{"line":142,"column":8}},"75":{"start":{"line":139,"column":10},"end":{"line":139,"column":36}},"76":{"start":{"line":139,"column":19},"end":{"line":139,"column":36}},"77":{"start":{"line":140,"column":10},"end":{"line":140,"column":61}},"78":{"start":{"line":148,"column":0},"end":{"line":161,"column":2}},"79":{"start":{"line":149,"column":17},"end":{"line":149,"column":30}},"80":{"start":{"line":150,"column":2},"end":{"line":160,"column":4}},"81":{"start":{"line":154,"column":6},"end":{"line":154,"column":32}},"82":{"start":{"line":154,"column":15},"end":{"line":154,"column":32}},"83":{"start":{"line":155,"column":6},"end":{"line":156,"column":65}},"84":{"start":{"line":156,"column":8},"end":{"line":156,"column":65}},"85":{"start":{"line":158,"column":6},"end":{"line":158,"column":27}},"86":{"start":{"line":164,"column":0},"end":{"line":179,"column":2}},"87":{"start":{"line":165,"column":17},"end":{"line":165,"column":30}},"88":{"start":{"line":166,"column":19},"end":{"line":166,"column":27}},"89":{"start":{"line":168,"column":2},"end":{"line":178,"column":4}},"90":{"start":{"line":172,"column":6},"end":{"line":172,"column":32}},"91":{"start":{"line":172,"column":15},"end":{"line":172,"column":32}},"92":{"start":{"line":173,"column":6},"end":{"line":174,"column":65}},"93":{"start":{"line":174,"column":8},"end":{"line":174,"column":65}},"94":{"start":{"line":176,"column":6},"end":{"line":176,"column":47}},"95":{"start":{"line":182,"column":0},"end":{"line":195,"column":2}},"96":{"start":{"line":183,"column":17},"end":{"line":183,"column":40}},"97":{"start":{"line":185,"column":2},"end":{"line":194,"column":5}},"98":{"start":{"line":186,"column":4},"end":{"line":186,"column":30}},"99":{"start":{"line":186,"column":13},"end":{"line":186,"column":30}},"100":{"start":{"line":187,"column":4},"end":{"line":188,"column":63}},"101":{"start":{"line":188,"column":6},"end":{"line":188,"column":63}},"102":{"start":{"line":190,"column":4},"end":{"line":193,"column":7}},"103":{"start":{"line":191,"column":6},"end":{"line":191,"column":32}},"104":{"start":{"line":191,"column":15},"end":{"line":191,"column":32}},"105":{"start":{"line":192,"column":6},"end":{"line":192,"column":69}}},"fnMap":{"0":{"name":"(anonymous_0)","decl":{"start":{"line":12,"column":19},"end":{"line":12,"column":20}},"loc":{"start":{"line":12,"column":39},"end":{"line":17,"column":1}},"line":12},"1":{"name":"(anonymous_1)","decl":{"start":{"line":13,"column":59},"end":{"line":13,"column":60}},"loc":{"start":{"line":13,"column":77},"end":{"line":16,"column":3}},"line":13},"2":{"name":"(anonymous_2)","decl":{"start":{"line":20,"column":23},"end":{"line":20,"column":24}},"loc":{"start":{"line":20,"column":49},"end":{"line":56,"column":1}},"line":20},"3":{"name":"(anonymous_3)","decl":{"start":{"line":33,"column":4},"end":{"line":33,"column":5}},"loc":{"start":{"line":33,"column":28},"end":{"line":54,"column":5}},"line":33},"4":{"name":"(anonymous_4)","decl":{"start":{"line":41,"column":52},"end":{"line":41,"column":53}},"loc":{"start":{"line":41,"column":70},"end":{"line":53,"column":7}},"line":41},"5":{"name":"(anonymous_5)","decl":{"start":{"line":48,"column":10},"end":{"line":48,"column":11}},"loc":{"start":{"line":48,"column":19},"end":{"line":51,"column":11}},"line":48},"6":{"name":"(anonymous_6)","decl":{"start":{"line":59,"column":20},"end":{"line":59,"column":21}},"loc":{"start":{"line":59,"column":40},"end":{"line":92,"column":1}},"line":59},"7":{"name":"(anonymous_7)","decl":{"start":{"line":67,"column":4},"end":{"line":67,"column":5}},"loc":{"start":{"line":67,"column":28},"end":{"line":90,"column":5}},"line":67},"8":{"name":"(anonymous_8)","decl":{"start":{"line":95,"column":25},"end":{"line":95,"column":26}},"loc":{"start":{"line":95,"column":45},"end":{"line":116,"column":1}},"line":95},"9":{"name":"(anonymous_9)","decl":{"start":{"line":99,"column":58},"end":{"line":99,"column":59}},"loc":{"start":{"line":99,"column":76},"end":{"line":115,"column":3}},"line":99},"10":{"name":"(anonymous_10)","decl":{"start":{"line":110,"column":6},"end":{"line":110,"column":7}},"loc":{"start":{"line":110,"column":15},"end":{"line":113,"column":7}},"line":110},"11":{"name":"(anonymous_11)","decl":{"start":{"line":119,"column":24},"end":{"line":119,"column":25}},"loc":{"start":{"line":119,"column":50},"end":{"line":145,"column":1}},"line":119},"12":{"name":"(anonymous_12)","decl":{"start":{"line":129,"column":4},"end":{"line":129,"column":5}},"loc":{"start":{"line":129,"column":28},"end":{"line":143,"column":5}},"line":129},"13":{"name":"(anonymous_13)","decl":{"start":{"line":138,"column":8},"end":{"line":138,"column":9}},"loc":{"start":{"line":138,"column":17},"end":{"line":141,"column":9}},"line":138},"14":{"name":"(anonymous_14)","decl":{"start":{"line":148,"column":22},"end":{"line":148,"column":23}},"loc":{"start":{"line":148,"column":42},"end":{"line":161,"column":1}},"line":148},"15":{"name":"(anonymous_15)","decl":{"start":{"line":153,"column":4},"end":{"line":153,"column":5}},"loc":{"start":{"line":153,"column":22},"end":{"line":159,"column":5}},"line":153},"16":{"name":"(anonymous_16)","decl":{"start":{"line":164,"column":21},"end":{"line":164,"column":22}},"loc":{"start":{"line":164,"column":41},"end":{"line":179,"column":1}},"line":164},"17":{"name":"(anonymous_17)","decl":{"start":{"line":171,"column":4},"end":{"line":171,"column":5}},"loc":{"start":{"line":171,"column":21},"end":{"line":177,"column":5}},"line":171},"18":{"name":"(anonymous_18)","decl":{"start":{"line":182,"column":21},"end":{"line":182,"column":22}},"loc":{"start":{"line":182,"column":41},"end":{"line":195,"column":1}},"line":182},"19":{"name":"(anonymous_19)","decl":{"start":{"line":185,"column":54},"end":{"line":185,"column":55}},"loc":{"start":{"line":185,"column":71},"end":{"line":194,"column":3}},"line":185},"20":{"name":"(anonymous_20)","decl":{"start":{"line":190,"column":67},"end":{"line":190,"column":68}},"loc":{"start":{"line":190,"column":76},"end":{"line":193,"column":5}},"line":190}},"branchMap":{"0":{"loc":{"start":{"line":14,"column":4},"end":{"line":14,"column":30}},"type":"if","locations":[{"start":{"line":14,"column":4},"end":{"line":14,"column":30}},{"start":{},"end":{}}],"line":14},"1":{"loc":{"start":{"line":22,"column":2},"end":{"line":25,"column":65}},"type":"if","locations":[{"start":{"line":22,"column":2},"end":{"line":25,"column":65}},{"start":{},"end":{}}],"line":22},"2":{"loc":{"start":{"line":22,"column":6},"end":{"line":22,"column":34}},"type":"binary-expr","locations":[{"start":{"line":22,"column":6},"end":{"line":22,"column":11}},{"start":{"line":22,"column":15},"end":{"line":22,"column":21}},{"start":{"line":22,"column":25},"end":{"line":22,"column":34}}],"line":22},"3":{"loc":{"start":{"line":27,"column":2},"end":{"line":28,"column":67}},"type":"if","locations":[{"start":{"line":27,"column":2},"end":{"line":28,"column":67}},{"start":{},"end":{}}],"line":27},"4":{"loc":{"start":{"line":34,"column":6},"end":{"line":34,"column":32}},"type":"if","locations":[{"start":{"line":34,"column":6},"end":{"line":34,"column":32}},{"start":{},"end":{}}],"line":34},"5":{"loc":{"start":{"line":35,"column":6},"end":{"line":36,"column":71}},"type":"if","locations":[{"start":{"line":35,"column":6},"end":{"line":36,"column":71}},{"start":{},"end":{}}],"line":35},"6":{"loc":{"start":{"line":42,"column":8},"end":{"line":42,"column":34}},"type":"if","locations":[{"start":{"line":42,"column":8},"end":{"line":42,"column":34}},{"start":{},"end":{}}],"line":42},"7":{"loc":{"start":{"line":43,"column":22},"end":{"line":43,"column":65}},"type":"cond-expr","locations":[{"start":{"line":43,"column":41},"end":{"line":43,"column":61}},{"start":{"line":43,"column":64},"end":{"line":43,"column":65}}],"line":43},"8":{"loc":{"start":{"line":49,"column":12},"end":{"line":49,"column":38}},"type":"if","locations":[{"start":{"line":49,"column":12},"end":{"line":49,"column":38}},{"start":{},"end":{}}],"line":49},"9":{"loc":{"start":{"line":61,"column":2},"end":{"line":62,"column":78}},"type":"if","locations":[{"start":{"line":61,"column":2},"end":{"line":62,"column":78}},{"start":{},"end":{}}],"line":61},"10":{"loc":{"start":{"line":61,"column":6},"end":{"line":61,"column":25}},"type":"binary-expr","locations":[{"start":{"line":61,"column":6},"end":{"line":61,"column":12}},{"start":{"line":61,"column":16},"end":{"line":61,"column":25}}],"line":61},"11":{"loc":{"start":{"line":68,"column":6},"end":{"line":68,"column":32}},"type":"if","locations":[{"start":{"line":68,"column":6},"end":{"line":68,"column":32}},{"start":{},"end":{}}],"line":68},"12":{"loc":{"start":{"line":69,"column":6},"end":{"line":70,"column":70}},"type":"if","locations":[{"start":{"line":69,"column":6},"end":{"line":70,"column":70}},{"start":{},"end":{}}],"line":69},"13":{"loc":{"start":{"line":74,"column":6},"end":{"line":74,"column":80}},"type":"if","locations":[{"start":{"line":74,"column":6},"end":{"line":74,"column":80}},{"start":{},"end":{}}],"line":74},"14":{"loc":{"start":{"line":97,"column":2},"end":{"line":97,"column":74}},"type":"if","locations":[{"start":{"line":97,"column":2},"end":{"line":97,"column":74}},{"start":{},"end":{}}],"line":97},"15":{"loc":{"start":{"line":100,"column":4},"end":{"line":100,"column":30}},"type":"if","locations":[{"start":{"line":100,"column":4},"end":{"line":100,"column":30}},{"start":{},"end":{}}],"line":100},"16":{"loc":{"start":{"line":101,"column":4},"end":{"line":102,"column":63}},"type":"if","locations":[{"start":{"line":101,"column":4},"end":{"line":102,"column":63}},{"start":{},"end":{}}],"line":101},"17":{"loc":{"start":{"line":111,"column":8},"end":{"line":111,"column":34}},"type":"if","locations":[{"start":{"line":111,"column":8},"end":{"line":111,"column":34}},{"start":{},"end":{}}],"line":111},"18":{"loc":{"start":{"line":121,"column":2},"end":{"line":124,"column":62}},"type":"if","locations":[{"start":{"line":121,"column":2},"end":{"line":124,"column":62}},{"start":{},"end":{}}],"line":121},"19":{"loc":{"start":{"line":121,"column":6},"end":{"line":121,"column":28}},"type":"binary-expr","locations":[{"start":{"line":121,"column":6},"end":{"line":121,"column":12}},{"start":{"line":121,"column":16},"end":{"line":121,"column":28}}],"line":121},"20":{"loc":{"start":{"line":130,"column":6},"end":{"line":130,"column":32}},"type":"if","locations":[{"start":{"line":130,"column":6},"end":{"line":130,"column":32}},{"start":{},"end":{}}],"line":130},"21":{"loc":{"start":{"line":131,"column":6},"end":{"line":132,"column":75}},"type":"if","locations":[{"start":{"line":131,"column":6},"end":{"line":132,"column":75}},{"start":{},"end":{}}],"line":131},"22":{"loc":{"start":{"line":139,"column":10},"end":{"line":139,"column":36}},"type":"if","locations":[{"start":{"line":139,"column":10},"end":{"line":139,"column":36}},{"start":{},"end":{}}],"line":139},"23":{"loc":{"start":{"line":154,"column":6},"end":{"line":154,"column":32}},"type":"if","locations":[{"start":{"line":154,"column":6},"end":{"line":154,"column":32}},{"start":{},"end":{}}],"line":154},"24":{"loc":{"start":{"line":155,"column":6},"end":{"line":156,"column":65}},"type":"if","locations":[{"start":{"line":155,"column":6},"end":{"line":156,"column":65}},{"start":{},"end":{}}],"line":155},"25":{"loc":{"start":{"line":172,"column":6},"end":{"line":172,"column":32}},"type":"if","locations":[{"start":{"line":172,"column":6},"end":{"line":172,"column":32}},{"start":{},"end":{}}],"line":172},"26":{"loc":{"start":{"line":173,"column":6},"end":{"line":174,"column":65}},"type":"if","locations":[{"start":{"line":173,"column":6},"end":{"line":174,"column":65}},{"start":{},"end":{}}],"line":173},"27":{"loc":{"start":{"line":186,"column":4},"end":{"line":186,"column":30}},"type":"if","locations":[{"start":{"line":186,"column":4},"end":{"line":186,"column":30}},{"start":{},"end":{}}],"line":186},"28":{"loc":{"start":{"line":187,"column":4},"end":{"line":188,"column":63}},"type":"if","locations":[{"start":{"line":187,"column":4},"end":{"line":188,"column":63}},{"start":{},"end":{}}],"line":187},"29":{"loc":{"start":{"line":191,"column":6},"end":{"line":191,"column":32}},"type":"if","locations":[{"start":{"line":191,"column":6},"end":{"line":191,"column":32}},{"start":{},"end":{}}],"line":191}},"s":{"0":1,"1":1,"2":1,"3":1,"4":1,"5":1,"6":1,"7":1,"8":1,"9":0,"10":0,"11":0,"12":0,"13":1,"14":2,"15":2,"16":0,"17":2,"18":0,"19":2,"20":2,"21":0,"22":2,"23":1,"24":1,"25":1,"26":1,"27":1,"28":0,"29":1,"30":1,"31":1,"32":0,"33":1,"34":1,"35":3,"36":3,"37":0,"38":3,"39":3,"40":0,"41":3,"42":1,"43":2,"44":2,"45":2,"46":1,"47":1,"48":1,"49":1,"50":0,"51":0,"52":0,"53":0,"54":0,"55":0,"56":0,"57":0,"58":0,"59":0,"60":0,"61":0,"62":0,"63":0,"64":1,"65":0,"66":0,"67":0,"68":0,"69":0,"70":0,"71":0,"72":0,"73":0,"74":0,"75":0,"76":0,"77":0,"78":1,"79":0,"80":0,"81":0,"82":0,"83":0,"84":0,"85":0,"86":1,"87":0,"88":0,"89":0,"90":0,"91":0,"92":0,"93":0,"94":0,"95":1,"96":0,"97":0,"98":0,"99":0,"100":0,"101":0,"102":0,"103":0,"104":0,"105":0},"f":{"0":0,"1":0,"2":2,"3":2,"4":1,"5":1,"6":3,"7":3,"8":0,"9":0,"10":0,"11":0,"12":0,"13":0,"14":0,"15":0,"16":0,"17":0,"18":0,"19":0,"20":0},"b":{"0":[0,0],"1":[0,2],"2":[2,2,2],"3":[0,2],"4":[0,2],"5":[1,1],"6":[0,1],"7":[1,0],"8":[0,1],"9":[0,3],"10":[3,3],"11":[0,3],"12":[1,2],"13":[1,1],"14":[0,0],"15":[0,0],"16":[0,0],"17":[0,0],"18":[0,0],"19":[0,0],"20":[0,0],"21":[0,0],"22":[0,0],"23":[0,0],"24":[0,0],"25":[0,0],"26":[0,0],"27":[0,0],"28":[0,0],"29":[0,0]},"_coverageSchema":"1a1c01bbd47fc00a2c39e90264f33305004495a9","hash":"b75a09e8d20f77025387358236b8b695c493b21e"}
,"/Users/C294031/Desktop/ReactApp/ReactFrontendExpressBackendWithDB/server/data/appointmentData.js": {"path":"/Users/C294031/Desktop/ReactApp/ReactFrontendExpressBackendWithDB/server/data/appointmentData.js","statementMap":{"0":{"start":{"line":1,"column":24},"end":{"line":8,"column":1}},"1":{"start":{"line":10,"column":0},"end":{"line":10,"column":33}}},"fnMap":{},"branchMap":{},"s":{"0":1,"1":1},"f":{},"b":{},"_coverageSchema":"1a1c01bbd47fc00a2c39e90264f33305004495a9","hash":"fe60ed1e6487ec384b3d2cf6145b35fa62d26842"}
,"/Users/C294031/Desktop/ReactApp/ReactFrontendExpressBackendWithDB/server/data/serviceData.js": {"path":"/Users/C294031/Desktop/ReactApp/ReactFrontendExpressBackendWithDB/server/data/serviceData.js","statementMap":{"0":{"start":{"line":1,"column":20},"end":{"line":38,"column":1}},"1":{"start":{"line":40,"column":0},"end":{"line":40,"column":29}}},"fnMap":{},"branchMap":{},"s":{"0":1,"1":1},"f":{},"b":{},"_coverageSchema":"1a1c01bbd47fc00a2c39e90264f33305004495a9","hash":"a52d9c53bceace64357cf05057fe22813291de41"}
,"/Users/C294031/Desktop/ReactApp/ReactFrontendExpressBackendWithDB/server/middleware/authMiddleware.js": {"path":"/Users/C294031/Desktop/ReactApp/ReactFrontendExpressBackendWithDB/server/middleware/authMiddleware.js","statementMap":{"0":{"start":{"line":1,"column":12},"end":{"line":1,"column":35}},"1":{"start":{"line":2,"column":19},"end":{"line":2,"column":41}},"2":{"start":{"line":4,"column":26},"end":{"line":18,"column":1}},"3":{"start":{"line":5,"column":21},"end":{"line":5,"column":46}},"4":{"start":{"line":6,"column":16},"end":{"line":6,"column":41}},"5":{"start":{"line":8,"column":2},"end":{"line":8,"column":70}},"6":{"start":{"line":8,"column":14},"end":{"line":8,"column":70}},"7":{"start":{"line":10,"column":2},"end":{"line":17,"column":5}},"8":{"start":{"line":11,"column":4},"end":{"line":14,"column":5}},"9":{"start":{"line":12,"column":6},"end":{"line":12,"column":71}},"10":{"start":{"line":13,"column":6},"end":{"line":13,"column":62}},"11":{"start":{"line":15,"column":4},"end":{"line":15,"column":20}},"12":{"start":{"line":16,"column":4},"end":{"line":16,"column":11}},"13":{"start":{"line":20,"column":0},"end":{"line":20,"column":39}}},"fnMap":{"0":{"name":"(anonymous_0)","decl":{"start":{"line":4,"column":26},"end":{"line":4,"column":27}},"loc":{"start":{"line":4,"column":46},"end":{"line":18,"column":1}},"line":4},"1":{"name":"(anonymous_1)","decl":{"start":{"line":10,"column":32},"end":{"line":10,"column":33}},"loc":{"start":{"line":10,"column":47},"end":{"line":17,"column":3}},"line":10}},"branchMap":{"0":{"loc":{"start":{"line":8,"column":2},"end":{"line":8,"column":70}},"type":"if","locations":[{"start":{"line":8,"column":2},"end":{"line":8,"column":70}},{"start":{},"end":{}}],"line":8},"1":{"loc":{"start":{"line":11,"column":4},"end":{"line":14,"column":5}},"type":"if","locations":[{"start":{"line":11,"column":4},"end":{"line":14,"column":5}},{"start":{},"end":{}}],"line":11}},"s":{"0":1,"1":1,"2":1,"3":0,"4":0,"5":0,"6":0,"7":0,"8":0,"9":0,"10":0,"11":0,"12":0,"13":1},"f":{"0":0,"1":0},"b":{"0":[0,0],"1":[0,0]},"_coverageSchema":"1a1c01bbd47fc00a2c39e90264f33305004495a9","hash":"76ec18b0b7b93ef1784656e340a70c974b6ec4b1"}
,"/Users/C294031/Desktop/ReactApp/ReactFrontendExpressBackendWithDB/server/middleware/errorHandler.js": {"path":"/Users/C294031/Desktop/ReactApp/ReactFrontendExpressBackendWithDB/server/middleware/errorHandler.js","statementMap":{"0":{"start":{"line":1,"column":0},"end":{"line":4,"column":2}},"1":{"start":{"line":2,"column":2},"end":{"line":2,"column":27}},"2":{"start":{"line":3,"column":2},"end":{"line":3,"column":47}}},"fnMap":{"0":{"name":"(anonymous_0)","decl":{"start":{"line":1,"column":17},"end":{"line":1,"column":18}},"loc":{"start":{"line":1,"column":42},"end":{"line":4,"column":1}},"line":1}},"branchMap":{},"s":{"0":1,"1":0,"2":0},"f":{"0":0},"b":{},"_coverageSchema":"1a1c01bbd47fc00a2c39e90264f33305004495a9","hash":"5e4976d87efa638cf3178ee4499d1273e5be3349"}
,"/Users/C294031/Desktop/ReactApp/ReactFrontendExpressBackendWithDB/server/routes/appointmentData.js": {"path":"/Users/C294031/Desktop/ReactApp/ReactFrontendExpressBackendWithDB/server/routes/appointmentData.js","statementMap":{"0":{"start":{"line":1,"column":16},"end":{"line":1,"column":34}},"1":{"start":{"line":2,"column":15},"end":{"line":2,"column":31}},"2":{"start":{"line":3,"column":24},"end":{"line":3,"column":58}},"3":{"start":{"line":4,"column":30},"end":{"line":4,"column":69}},"4":{"start":{"line":5,"column":28},"end":{"line":5,"column":79}},"5":{"start":{"line":8,"column":0},"end":{"line":10,"column":3}},"6":{"start":{"line":9,"column":2},"end":{"line":9,"column":28}},"7":{"start":{"line":13,"column":0},"end":{"line":13,"column":53}},"8":{"start":{"line":15,"column":0},"end":{"line":15,"column":24}}},"fnMap":{"0":{"name":"(anonymous_0)","decl":{"start":{"line":8,"column":16},"end":{"line":8,"column":17}},"loc":{"start":{"line":8,"column":30},"end":{"line":10,"column":1}},"line":8}},"branchMap":{},"s":{"0":1,"1":1,"2":1,"3":1,"4":1,"5":1,"6":0,"7":1,"8":1},"f":{"0":0},"b":{},"_coverageSchema":"1a1c01bbd47fc00a2c39e90264f33305004495a9","hash":"af042a62d887fd45a9196c29784915b95cc0bcb6"}
,"/Users/C294031/Desktop/ReactApp/ReactFrontendExpressBackendWithDB/server/routes/appointmentDetails.js": {"path":"/Users/C294031/Desktop/ReactApp/ReactFrontendExpressBackendWithDB/server/routes/appointmentDetails.js","statementMap":{"0":{"start":{"line":1,"column":16},"end":{"line":1,"column":34}},"1":{"start":{"line":2,"column":15},"end":{"line":2,"column":31}},"2":{"start":{"line":3,"column":37},"end":{"line":3,"column":91}},"3":{"start":{"line":4,"column":30},"end":{"line":4,"column":69}},"4":{"start":{"line":6,"column":0},"end":{"line":10,"column":2}},"5":{"start":{"line":12,"column":0},"end":{"line":12,"column":24}}},"fnMap":{},"branchMap":{},"s":{"0":1,"1":1,"2":1,"3":1,"4":1,"5":1},"f":{},"b":{},"_coverageSchema":"1a1c01bbd47fc00a2c39e90264f33305004495a9","hash":"f2889687fab1ed67e3c600636e535bda2511a15a"}
,"/Users/C294031/Desktop/ReactApp/ReactFrontendExpressBackendWithDB/server/routes/contactQuery.js": {"path":"/Users/C294031/Desktop/ReactApp/ReactFrontendExpressBackendWithDB/server/routes/contactQuery.js","statementMap":{"0":{"start":{"line":1,"column":16},"end":{"line":1,"column":34}},"1":{"start":{"line":2,"column":15},"end":{"line":2,"column":31}},"2":{"start":{"line":3,"column":26},"end":{"line":3,"column":74}},"3":{"start":{"line":4,"column":30},"end":{"line":4,"column":69}},"4":{"start":{"line":6,"column":0},"end":{"line":6,"column":73}},"5":{"start":{"line":8,"column":0},"end":{"line":8,"column":24}}},"fnMap":{},"branchMap":{},"s":{"0":1,"1":1,"2":1,"3":1,"4":1,"5":1},"f":{},"b":{},"_coverageSchema":"1a1c01bbd47fc00a2c39e90264f33305004495a9","hash":"a42f01a359c08d91b148c9c3bc3683a31e4ecb28"}
,"/Users/C294031/Desktop/ReactApp/ReactFrontendExpressBackendWithDB/server/routes/serviceData.js": {"path":"/Users/C294031/Desktop/ReactApp/ReactFrontendExpressBackendWithDB/server/routes/serviceData.js","statementMap":{"0":{"start":{"line":1,"column":16},"end":{"line":1,"column":34}},"1":{"start":{"line":2,"column":15},"end":{"line":2,"column":31}},"2":{"start":{"line":3,"column":30},"end":{"line":3,"column":77}},"3":{"start":{"line":5,"column":0},"end":{"line":5,"column":51}},"4":{"start":{"line":7,"column":0},"end":{"line":7,"column":24}}},"fnMap":{},"branchMap":{},"s":{"0":1,"1":1,"2":1,"3":1,"4":1},"f":{},"b":{},"_coverageSchema":"1a1c01bbd47fc00a2c39e90264f33305004495a9","hash":"59de91e7fb3f30f2cea459372d359c0b82d0dd62"}
,"/Users/C294031/Desktop/ReactApp/ReactFrontendExpressBackendWithDB/server/routes/users.js": {"path":"/Users/C294031/Desktop/ReactApp/ReactFrontendExpressBackendWithDB/server/routes/users.js","statementMap":{"0":{"start":{"line":1,"column":16},"end":{"line":1,"column":34}},"1":{"start":{"line":2,"column":15},"end":{"line":2,"column":31}},"2":{"start":{"line":3,"column":30},"end":{"line":3,"column":69}},"3":{"start":{"line":13,"column":4},"end":{"line":13,"column":44}},"4":{"start":{"line":16,"column":0},"end":{"line":16,"column":33}},"5":{"start":{"line":17,"column":0},"end":{"line":17,"column":48}},"6":{"start":{"line":18,"column":0},"end":{"line":18,"column":39}},"7":{"start":{"line":19,"column":0},"end":{"line":19,"column":45}},"8":{"start":{"line":20,"column":0},"end":{"line":20,"column":51}},"9":{"start":{"line":21,"column":0},"end":{"line":21,"column":50}},"10":{"start":{"line":22,"column":0},"end":{"line":22,"column":53}},"11":{"start":{"line":24,"column":0},"end":{"line":24,"column":24}}},"fnMap":{},"branchMap":{},"s":{"0":1,"1":1,"2":1,"3":1,"4":1,"5":1,"6":1,"7":1,"8":1,"9":1,"10":1,"11":1},"f":{},"b":{},"_coverageSchema":"1a1c01bbd47fc00a2c39e90264f33305004495a9","hash":"44bb4baa17f4f11ff8f6b183dd2b5ce7ca4620dc"}
,"/Users/C294031/Desktop/ReactApp/ReactFrontendExpressBackendWithDB/server/utils/validators.js": {"path":"/Users/C294031/Desktop/ReactApp/ReactFrontendExpressBackendWithDB/server/utils/validators.js","statementMap":{"0":{"start":{"line":1,"column":21},"end":{"line":1,"column":72}},"1":{"start":{"line":1,"column":32},"end":{"line":1,"column":72}},"2":{"start":{"line":3,"column":0},"end":{"line":3,"column":34}}},"fnMap":{"0":{"name":"(anonymous_0)","decl":{"start":{"line":1,"column":21},"end":{"line":1,"column":22}},"loc":{"start":{"line":1,"column":32},"end":{"line":1,"column":72}},"line":1}},"branchMap":{},"s":{"0":1,"1":2,"2":1},"f":{"0":2},"b":{},"_coverageSchema":"1a1c01bbd47fc00a2c39e90264f33305004495a9","hash":"862e5f8bc031facd51e46bb0b3085faac0cab690"}
}
