TN:
SF:app.js
FNF:0
FNH:0
DA:2,1
DA:3,1
DA:4,1
DA:5,1
DA:6,1
DA:7,1
DA:8,1
DA:9,1
DA:10,1
DA:11,1
DA:13,1
DA:15,1
DA:16,1
DA:23,1
DA:24,1
DA:31,1
DA:32,1
DA:33,1
DA:34,1
DA:35,1
DA:36,1
DA:38,1
LF:22
LH:22
BRF:0
BRH:0
end_of_record
TN:
SF:controllers/appointmentDataController.js
FN:3,(anonymous_0)
FN:43,(anonymous_1)
FNF:2
FNH:0
FNDA:0,(anonymous_0)
FNDA:0,(anonymous_1)
DA:1,1
DA:3,1
DA:10,0
DA:12,0
DA:13,0
DA:14,0
DA:15,0
DA:16,0
DA:17,0
DA:19,0
DA:26,0
DA:29,0
DA:34,0
DA:44,0
DA:45,0
DA:46,0
DA:48,0
LF:17
LH:2
BRDA:19,0,0,0
BRDA:19,0,1,0
BRDA:20,1,0,0
BRDA:20,1,1,0
BRDA:20,1,2,0
BRDA:20,1,3,0
BRDA:20,1,4,0
BRDA:44,2,0,0
BRDA:44,2,1,0
BRF:9
BRH:0
end_of_record
TN:
SF:controllers/appointmentDetailsController.js
FN:3,(anonymous_0)
FN:6,(anonymous_1)
FNF:2
FNH:0
FNDA:0,(anonymous_0)
FNDA:0,(anonymous_1)
DA:1,1
DA:3,1
DA:5,0
DA:6,0
DA:7,0
DA:8,0
DA:9,0
DA:10,0
DA:12,0
LF:9
LH:2
BRDA:8,0,0,0
BRDA:8,0,1,0
BRF:2
BRH:0
end_of_record
TN:
SF:controllers/contactQueryController.js
FN:3,(anonymous_0)
FN:15,(anonymous_1)
FNF:2
FNH:0
FNDA:0,(anonymous_0)
FNDA:0,(anonymous_1)
DA:1,1
DA:3,1
DA:4,0
DA:5,0
DA:6,0
DA:12,0
DA:16,0
DA:17,0
LF:8
LH:2
BRDA:5,0,0,0
BRDA:5,0,1,0
BRDA:5,1,0,0
BRDA:5,1,1,0
BRDA:5,1,2,0
BRDA:5,1,3,0
BRDA:16,2,0,0
BRDA:16,2,1,0
BRF:8
BRH:0
end_of_record
TN:
SF:controllers/serviceDataController.js
FN:3,(anonymous_0)
FNF:1
FNH:0
FNDA:0,(anonymous_0)
DA:1,1
DA:3,1
DA:4,0
LF:3
LH:2
BRF:0
BRH:0
end_of_record
TN:
SF:controllers/userController.js
FN:12,(anonymous_0)
FN:13,(anonymous_1)
FN:20,(anonymous_2)
FN:33,(anonymous_3)
FN:41,(anonymous_4)
FN:48,(anonymous_5)
FN:59,(anonymous_6)
FN:67,(anonymous_7)
FN:95,(anonymous_8)
FN:99,(anonymous_9)
FN:110,(anonymous_10)
FN:119,(anonymous_11)
FN:129,(anonymous_12)
FN:138,(anonymous_13)
FN:148,(anonymous_14)
FN:153,(anonymous_15)
FN:164,(anonymous_16)
FN:171,(anonymous_17)
FN:182,(anonymous_18)
FN:185,(anonymous_19)
FN:190,(anonymous_20)
FNF:21
FNH:6
FNDA:0,(anonymous_0)
FNDA:0,(anonymous_1)
FNDA:2,(anonymous_2)
FNDA:2,(anonymous_3)
FNDA:1,(anonymous_4)
FNDA:1,(anonymous_5)
FNDA:3,(anonymous_6)
FNDA:3,(anonymous_7)
FNDA:0,(anonymous_8)
FNDA:0,(anonymous_9)
FNDA:0,(anonymous_10)
FNDA:0,(anonymous_11)
FNDA:0,(anonymous_12)
FNDA:0,(anonymous_13)
FNDA:0,(anonymous_14)
FNDA:0,(anonymous_15)
FNDA:0,(anonymous_16)
FNDA:0,(anonymous_17)
FNDA:0,(anonymous_18)
FNDA:0,(anonymous_19)
FNDA:0,(anonymous_20)
DA:1,1
DA:2,1
DA:3,1
DA:4,1
DA:5,1
DA:6,1
DA:7,1
DA:9,1
DA:12,1
DA:13,0
DA:14,0
DA:15,0
DA:20,1
DA:21,2
DA:22,2
DA:23,0
DA:27,2
DA:28,0
DA:30,2
DA:34,2
DA:35,2
DA:36,1
DA:38,1
DA:39,1
DA:41,1
DA:42,1
DA:43,1
DA:45,1
DA:49,1
DA:50,1
DA:59,1
DA:60,3
DA:61,3
DA:62,0
DA:64,3
DA:68,3
DA:69,3
DA:70,1
DA:72,2
DA:73,2
DA:74,2
DA:76,1
DA:84,1
DA:95,1
DA:96,0
DA:97,0
DA:99,0
DA:100,0
DA:101,0
DA:102,0
DA:104,0
DA:105,0
DA:107,0
DA:111,0
DA:112,0
DA:119,1
DA:120,0
DA:121,0
DA:122,0
DA:126,0
DA:130,0
DA:131,0
DA:132,0
DA:134,0
DA:135,0
DA:139,0
DA:140,0
DA:148,1
DA:149,0
DA:150,0
DA:154,0
DA:155,0
DA:156,0
DA:158,0
DA:164,1
DA:165,0
DA:166,0
DA:168,0
DA:172,0
DA:173,0
DA:174,0
DA:176,0
DA:182,1
DA:183,0
DA:185,0
DA:186,0
DA:187,0
DA:188,0
DA:190,0
DA:191,0
DA:192,0
LF:91
LH:42
BRDA:14,0,0,0
BRDA:14,0,1,0
BRDA:22,1,0,0
BRDA:22,1,1,2
BRDA:22,2,0,2
BRDA:22,2,1,2
BRDA:22,2,2,2
BRDA:27,3,0,0
BRDA:27,3,1,2
BRDA:34,4,0,0
BRDA:34,4,1,2
BRDA:35,5,0,1
BRDA:35,5,1,1
BRDA:42,6,0,0
BRDA:42,6,1,1
BRDA:43,7,0,1
BRDA:43,7,1,0
BRDA:49,8,0,0
BRDA:49,8,1,1
BRDA:61,9,0,0
BRDA:61,9,1,3
BRDA:61,10,0,3
BRDA:61,10,1,3
BRDA:68,11,0,0
BRDA:68,11,1,3
BRDA:69,12,0,1
BRDA:69,12,1,2
BRDA:74,13,0,1
BRDA:74,13,1,1
BRDA:97,14,0,0
BRDA:97,14,1,0
BRDA:100,15,0,0
BRDA:100,15,1,0
BRDA:101,16,0,0
BRDA:101,16,1,0
BRDA:111,17,0,0
BRDA:111,17,1,0
BRDA:121,18,0,0
BRDA:121,18,1,0
BRDA:121,19,0,0
BRDA:121,19,1,0
BRDA:130,20,0,0
BRDA:130,20,1,0
BRDA:131,21,0,0
BRDA:131,21,1,0
BRDA:139,22,0,0
BRDA:139,22,1,0
BRDA:154,23,0,0
BRDA:154,23,1,0
BRDA:155,24,0,0
BRDA:155,24,1,0
BRDA:172,25,0,0
BRDA:172,25,1,0
BRDA:173,26,0,0
BRDA:173,26,1,0
BRDA:186,27,0,0
BRDA:186,27,1,0
BRDA:187,28,0,0
BRDA:187,28,1,0
BRDA:191,29,0,0
BRDA:191,29,1,0
BRF:61
BRH:19
end_of_record
TN:
SF:data/appointmentData.js
FNF:0
FNH:0
DA:1,1
DA:10,1
LF:2
LH:2
BRF:0
BRH:0
end_of_record
TN:
SF:data/serviceData.js
FNF:0
FNH:0
DA:1,1
DA:40,1
LF:2
LH:2
BRF:0
BRH:0
end_of_record
TN:
SF:middleware/authMiddleware.js
FN:4,(anonymous_0)
FN:10,(anonymous_1)
FNF:2
FNH:0
FNDA:0,(anonymous_0)
FNDA:0,(anonymous_1)
DA:1,1
DA:2,1
DA:4,1
DA:5,0
DA:6,0
DA:8,0
DA:10,0
DA:11,0
DA:12,0
DA:13,0
DA:15,0
DA:16,0
DA:20,1
LF:13
LH:4
BRDA:8,0,0,0
BRDA:8,0,1,0
BRDA:11,1,0,0
BRDA:11,1,1,0
BRF:4
BRH:0
end_of_record
TN:
SF:middleware/errorHandler.js
FN:1,(anonymous_0)
FNF:1
FNH:0
FNDA:0,(anonymous_0)
DA:1,1
DA:2,0
DA:3,0
LF:3
LH:1
BRF:0
BRH:0
end_of_record
TN:
SF:routes/appointmentData.js
FN:8,(anonymous_0)
FNF:1
FNH:0
FNDA:0,(anonymous_0)
DA:1,1
DA:2,1
DA:3,1
DA:4,1
DA:5,1
DA:8,1
DA:9,0
DA:13,1
DA:15,1
LF:9
LH:8
BRF:0
BRH:0
end_of_record
TN:
SF:routes/appointmentDetails.js
FNF:0
FNH:0
DA:1,1
DA:2,1
DA:3,1
DA:4,1
DA:6,1
DA:12,1
LF:6
LH:6
BRF:0
BRH:0
end_of_record
TN:
SF:routes/contactQuery.js
FNF:0
FNH:0
DA:1,1
DA:2,1
DA:3,1
DA:4,1
DA:6,1
DA:8,1
LF:6
LH:6
BRF:0
BRH:0
end_of_record
TN:
SF:routes/serviceData.js
FNF:0
FNH:0
DA:1,1
DA:2,1
DA:3,1
DA:5,1
DA:7,1
LF:5
LH:5
BRF:0
BRH:0
end_of_record
TN:
SF:routes/users.js
FNF:0
FNH:0
DA:1,1
DA:2,1
DA:3,1
DA:13,1
DA:16,1
DA:17,1
DA:18,1
DA:19,1
DA:20,1
DA:21,1
DA:22,1
DA:24,1
LF:12
LH:12
BRF:0
BRH:0
end_of_record
TN:
SF:utils/validators.js
FN:1,(anonymous_0)
FNF:1
FNH:1
FNDA:2,(anonymous_0)
DA:1,2
DA:3,1
LF:2
LH:2
BRF:0
BRH:0
end_of_record
